<?xml version="1.0" encoding="UTF-8"?>
<!-- Generated by org.testng.reporters.JUnitReportReporter -->
<testsuite skipped="0" hostname="wangbingfeideMacBook-Pro.local" name="com.zmc.PayCase" tests="1" failures="0" timestamp="01 十二月 2017 08:28:05 GMT" time="43.224" errors="0">
  <testcase name="test" time="43.224" classname="com.zmc.PayCase"/>
</testsuite> <!-- com.zmc.PayCase -->
